{
  "RSpec": {
    "coverage": {
      "/Users/smacagno/agrimbau/rubyProjects/macain-web-rails/config/environment.rb": [
        null,
        1,
        null,
        null,
        1
      ],
      "/Users/smacagno/agrimbau/rubyProjects/macain-web-rails/config/application.rb": [
        1,
        null,
        1,
        null,
        null,
        1,
        null,
        1,
        1,
        1,
        null,
        null,
        1,
        null,
        null,
        null,
        null,
        1,
        null,
        1,
        1,
        null,
        null,
        null,
        null,
        null,
        null,
        null,
        1,
        null,
        null,
        null,
        1,
        null,
        null,
        1,
        null,
        null,
        null
      ],
      "/Users/smacagno/agrimbau/rubyProjects/macain-web-rails/config/boot.rb": [
        1,
        null,
        1
      ],
      "/Users/smacagno/agrimbau/rubyProjects/macain-web-rails/config/environments/test.rb": [
        1,
        null,
        1,
        1,
        null,
        null,
        null,
        null,
        null,
        1,
        null,
        null,
        null,
        null,
        1,
        null,
        null,
        1,
        1,
        null,
        null,
        1,
        1,
        null,
        null,
        1,
        null,
        null,
        1,
        null,
        null,
        null,
        null,
        1,
        null,
        null,
        1,
        null,
        null,
        null,
        null,
        1,
        null,
        null
      ],
      "/Users/smacagno/agrimbau/rubyProjects/macain-web-rails/config/initializers/active_admin.rb": [
        1,
        null,
        null,
        null,
        null,
        null,
        1,
        null,
        null,
        null,
        null,
        null,
        null,
        null,
        null,
        null,
        null,
        null,
        1,
        null,
        null,
        null,
        null,
        null,
        null,
        null,
        null,
        null,
        null,
        null,
        null,
        null,
        null,
        null,
        null,
        null,
        null,
        null,
        null,
        null,
        null,
        null,
        null,
        null,
        null,
        null,
        null,
        null,
        null,
        null,
        null,
        null,
        null,
        null,
        null,
        null,
        1,
        null,
        null,
        null,
        null,
        null,
        null,
        null,
        1,
        null,
        null,
        null,
        null,
        null,
        null,
        null,
        null,
        null,
        null,
        null,
        null,
        null,
        null,
        null,
        null,
        null,
        null,
        null,
        null,
        null,
        null,
        null,
        1,
        null,
        null,
        null,
        null,
        null,
        null,
        null,
        null,
        null,
        null,
        null,
        1,
        null,
        null,
        null,
        null,
        null,
        null,
        null,
        null,
        null,
        null,
        null,
        null,
        null,
        1,
        null,
        null,
        null,
        null,
        null,
        null,
        1,
        null,
        null,
        null,
        null,
        null,
        null,
        null,
        null,
        null,
        null,
        null,
        null,
        null,
        null,
        null,
        1,
        null,
        null,
        null,
        null,
        null,
        null,
        null,
        null,
        null,
        null,
        null,
        null,
        null,
        null,
        1,
        null,
        null,
        null,
        1,
        null,
        null,
        null,
        null,
        null,
        null,
        1,
        null,
        null,
        null,
        null,
        null,
        null,
        null,
        null,
        null,
        null,
        null,
        null,
        null,
        null,
        null,
        null,
        null,
        null,
        null,
        null,
        null,
        null,
        null,
        null,
        null,
        null,
        null,
        null,
        null,
        null,
        null,
        null,
        null,
        null,
        null,
        null,
        null,
        null,
        null,
        null,
        null,
        null,
        null,
        null,
        null,
        null,
        null,
        null,
        null,
        null,
        null,
        null,
        null,
        null,
        null,
        null,
        null,
        null,
        null,
        null,
        null,
        null,
        null,
        null,
        null,
        null,
        null,
        null,
        null,
        null,
        null,
        null,
        null,
        null,
        null,
        null,
        null,
        null,
        null,
        null,
        null,
        null,
        null,
        null,
        null,
        null,
        null,
        null,
        null,
        null,
        null,
        null,
        null,
        null,
        null,
        null,
        null,
        null,
        null,
        null,
        null,
        null,
        null,
        null,
        null
      ],
      "/Users/smacagno/agrimbau/rubyProjects/macain-web-rails/config/initializers/assets.rb": [
        null,
        null,
        null,
        1,
        null,
        null,
        null,
        null,
        null,
        null,
        null
      ],
      "/Users/smacagno/agrimbau/rubyProjects/macain-web-rails/config/initializers/backtrace_silencers.rb": [
        null,
        null,
        null,
        null,
        null,
        null,
        null
      ],
      "/Users/smacagno/agrimbau/rubyProjects/macain-web-rails/config/initializers/cookies_serializer.rb": [
        null,
        null,
        1
      ],
      "/Users/smacagno/agrimbau/rubyProjects/macain-web-rails/config/initializers/devise.rb": [
        null,
        null,
        1,
        null,
        null,
        null,
        null,
        null,
        null,
        null,
        null,
        null,
        null,
        null,
        1,
        null,
        null,
        1,
        null,
        null,
        null,
        null,
        null,
        1,
        null,
        null,
        null,
        null,
        null,
        null,
        null,
        null,
        null,
        null,
        null,
        null,
        null,
        null,
        null,
        null,
        null,
        null,
        null,
        null,
        null,
        1,
        null,
        null,
        null,
        null,
        1,
        null,
        null,
        null,
        null,
        null,
        null,
        null,
        null,
        null,
        null,
        null,
        null,
        null,
        null,
        null,
        1,
        null,
        null,
        null,
        null,
        null,
        null,
        null,
        null,
        null,
        null,
        null,
        null,
        null,
        null,
        1,
        null,
        null,
        null,
        null,
        null,
        null,
        null,
        null,
        null,
        null,
        null,
        null,
        null,
        null,
        null,
        null,
        1,
        null,
        null,
        null,
        null,
        null,
        null,
        null,
        null,
        null,
        null,
        null,
        null,
        null,
        null,
        null,
        null,
        null,
        null,
        null,
        null,
        null,
        null,
        null,
        null,
        1,
        null,
        null,
        null,
        null,
        null,
        null,
        null,
        null,
        null,
        1,
        null,
        null,
        null,
        null,
        null,
        null,
        null,
        null,
        null,
        null,
        1,
        null,
        null,
        null,
        null,
        null,
        null,
        null,
        null,
        null,
        null,
        null,
        null,
        null,
        null,
        null,
        null,
        null,
        null,
        null,
        null,
        null,
        null,
        null,
        null,
        null,
        null,
        null,
        null,
        null,
        null,
        null,
        null,
        null,
        null,
        null,
        null,
        null,
        null,
        null,
        null,
        null,
        null,
        null,
        null,
        null,
        null,
        null,
        null,
        1,
        null,
        null,
        null,
        null,
        null,
        null,
        null,
        null,
        null,
        null,
        null,
        null,
        null,
        1,
        null,
        null,
        null,
        null,
        null,
        null,
        null,
        null,
        null,
        null,
        null,
        null,
        null,
        null,
        null,
        null,
        null,
        null,
        null,
        null,
        null,
        null,
        null,
        null,
        1,
        null,
        null,
        1,
        null,
        null,
        null,
        null,
        null,
        1,
        null,
        null,
        null,
        null,
        null,
        null,
        null,
        null,
        null,
        null,
        null,
        null,
        null,
        null,
        null,
        null,
        null,
        null,
        null,
        null,
        null,
        null,
        null,
        null,
        1,
        null
      ],
      "/Users/smacagno/agrimbau/rubyProjects/macain-web-rails/config/initializers/filter_parameter_logging.rb": [
        null,
        null,
        null,
        1
      ],
      "/Users/smacagno/agrimbau/rubyProjects/macain-web-rails/config/initializers/friendly_id.rb": [
        null,
        null,
        null,
        null,
        null,
        null,
        null,
        null,
        null,
        null,
        null,
        1,
        null,
        null,
        null,
        null,
        2,
        null,
        2,
        null,
        null,
        null,
        null,
        null,
        null,
        null,
        null,
        null,
        null,
        null,
        null,
        null,
        null,
        null,
        null,
        null,
        null,
        null,
        null,
        null,
        null,
        null,
        null,
        null,
        null,
        null,
        null,
        null,
        null,
        null,
        null,
        null,
        null,
        null,
        null,
        null,
        null,
        null,
        null,
        null,
        null,
        null,
        null,
        null,
        null,
        null,
        null,
        null,
        null,
        null,
        null,
        null,
        null,
        null,
        null,
        null,
        null,
        null,
        null,
        null,
        null,
        null,
        null,
        null,
        null,
        null,
        null,
        null
      ],
      "/Users/smacagno/agrimbau/rubyProjects/macain-web-rails/config/initializers/inflections.rb": [
        null,
        null,
        null,
        null,
        null,
        null,
        null,
        null,
        null,
        null,
        null,
        null,
        null,
        null,
        null,
        null
      ],
      "/Users/smacagno/agrimbau/rubyProjects/macain-web-rails/config/initializers/instagram.rb": [
        1,
        null,
        null,
        1,
        1,
        1,
        null,
        null,
        null,
        null
      ],
      "/Users/smacagno/agrimbau/rubyProjects/macain-web-rails/config/initializers/md5.rb": [
        1,
        null,
        1,
        1,
        1,
        1,
        1,
        9,
        null,
        null,
        null,
        null,
        null
      ],
      "/Users/smacagno/agrimbau/rubyProjects/macain-web-rails/config/initializers/mime_types.rb": [
        null,
        null,
        null,
        null
      ],
      "/Users/smacagno/agrimbau/rubyProjects/macain-web-rails/config/initializers/rolify.rb": [
        1,
        null,
        null,
        null,
        null,
        null,
        null
      ],
      "/Users/smacagno/agrimbau/rubyProjects/macain-web-rails/config/initializers/session_store.rb": [
        null,
        null,
        1
      ],
      "/Users/smacagno/agrimbau/rubyProjects/macain-web-rails/config/initializers/simple_form.rb": [
        null,
        1,
        null,
        null,
        null,
        null,
        null,
        1,
        null,
        null,
        null,
        null,
        null,
        null,
        null,
        null,
        null,
        1,
        null,
        null,
        null,
        1,
        null,
        null,
        null,
        null,
        null,
        null,
        null,
        null,
        1,
        null,
        null,
        1,
        null,
        null,
        1,
        null,
        null,
        1,
        null,
        null,
        1,
        1,
        1,
        null,
        null,
        null,
        null,
        null,
        null,
        null,
        null,
        null,
        1,
        null,
        null,
        null,
        null,
        null,
        1,
        null,
        null,
        1,
        null,
        null,
        null,
        null,
        null,
        null,
        null,
        1,
        null,
        null,
        1,
        null,
        null,
        null,
        null,
        null,
        null,
        null,
        null,
        null,
        null,
        null,
        null,
        null,
        null,
        null,
        null,
        null,
        null,
        null,
        null,
        null,
        null,
        null,
        null,
        null,
        null,
        null,
        null,
        null,
        null,
        null,
        null,
        null,
        null,
        null,
        null,
        null,
        null,
        null,
        null,
        null,
        null,
        null,
        null,
        1,
        null,
        null,
        null,
        null,
        null,
        null,
        null,
        null,
        null,
        null,
        null,
        null,
        null,
        null,
        null,
        null,
        null,
        null,
        null,
        null,
        null,
        null,
        null,
        null,
        null,
        null,
        null,
        null,
        null,
        null,
        null,
        null,
        null,
        null,
        null,
        null,
        1,
        null,
        null,
        null,
        null,
        null,
        null,
        null,
        null
      ],
      "/Users/smacagno/agrimbau/rubyProjects/macain-web-rails/config/initializers/wrap_parameters.rb": [
        null,
        null,
        null,
        null,
        null,
        null,
        1,
        1,
        null,
        null,
        null,
        null,
        null,
        null
      ],
      "/Users/smacagno/agrimbau/rubyProjects/macain-web-rails/config/routes.rb": [
        1,
        null,
        1,
        null,
        1,
        1,
        null,
        1,
        null,
        null,
        1,
        null,
        1,
        1,
        1,
        1,
        1,
        null,
        1,
        1,
        null,
        null,
        1,
        null,
        1,
        null,
        1,
        null,
        1,
        null,
        1,
        1,
        1,
        1,
        null,
        null,
        null,
        null,
        null,
        null,
        1,
        4,
        null,
        null,
        null,
        null
      ],
      "/Users/smacagno/agrimbau/rubyProjects/macain-web-rails/app/controllers/application_controller.rb": [
        1,
        null,
        null,
        1,
        1,
        null,
        1,
        null,
        1,
        0,
        null,
        null,
        1,
        0,
        null,
        null,
        null,
        1,
        0,
        0,
        0,
        null,
        null,
        1,
        null,
        1,
        0,
        null,
        null,
        1,
        0,
        0,
        0,
        null,
        null,
        1,
        0,
        null,
        null,
        1,
        0,
        null,
        null
      ],
      "/Users/smacagno/agrimbau/rubyProjects/macain-web-rails/app/helpers/application_helper.rb": [
        1,
        null,
        1,
        0,
        null,
        null,
        1,
        0,
        0,
        null,
        0,
        null,
        null,
        null,
        null
      ],
      "/Users/smacagno/agrimbau/rubyProjects/macain-web-rails/app/helpers/home_helper.rb": [
        1,
        null
      ],
      "/Users/smacagno/agrimbau/rubyProjects/macain-web-rails/app/helpers/products_helper.rb": [
        1,
        null
      ],
      "/Users/smacagno/agrimbau/rubyProjects/macain-web-rails/app/models/admin_user.rb": [
        1,
        1,
        null,
        null,
        null,
        1,
        null,
        null
      ],
      "/Users/smacagno/agrimbau/rubyProjects/macain-web-rails/app/models/buyer.rb": [
        1,
        null,
        1,
        null,
        1,
        null
      ],
      "/Users/smacagno/agrimbau/rubyProjects/macain-web-rails/app/models/category.rb": [
        1,
        1,
        null,
        1,
        null,
        1,
        null,
        1,
        null,
        null,
        1,
        null,
        1,
        null,
        null,
        1,
        null,
        null,
        1,
        3,
        null,
        null,
        null
      ],
      "/Users/smacagno/agrimbau/rubyProjects/macain-web-rails/app/models/marvel.rb": [
        1,
        null,
        1,
        1,
        null,
        null
      ],
      "/Users/smacagno/agrimbau/rubyProjects/macain-web-rails/app/models/order.rb": [
        1,
        1,
        1,
        null,
        1,
        null,
        1,
        1,
        null,
        1,
        9,
        1,
        1,
        null,
        0,
        null,
        null,
        null,
        null
      ],
      "/Users/smacagno/agrimbau/rubyProjects/macain-web-rails/app/models/page.rb": [
        1,
        1,
        null,
        1,
        null
      ],
      "/Users/smacagno/agrimbau/rubyProjects/macain-web-rails/app/models/product.rb": [
        1,
        1,
        null,
        1,
        1,
        null,
        1,
        1,
        1,
        1,
        null,
        1,
        null,
        1,
        null,
        1,
        null,
        1,
        null,
        null,
        1,
        null,
        null,
        1,
        0,
        null,
        null,
        null,
        null,
        null,
        null,
        null,
        null,
        null,
        null,
        null,
        null,
        null,
        null,
        null,
        0,
        null,
        null,
        1,
        0,
        null,
        null,
        1,
        0,
        null,
        null,
        null,
        1,
        0,
        0,
        0,
        0,
        0,
        0,
        0,
        0,
        0,
        null,
        null,
        1,
        4,
        4,
        null,
        null,
        null,
        null,
        null
      ],
      "/Users/smacagno/agrimbau/rubyProjects/macain-web-rails/app/models/order_status.rb": [
        1,
        1,
        1,
        null,
        1,
        1,
        null,
        null,
        1,
        0,
        null,
        null
      ],
      "/Users/smacagno/agrimbau/rubyProjects/macain-web-rails/app/models/user.rb": [
        1,
        null,
        null,
        1,
        null,
        null,
        null,
        null,
        1,
        1,
        1,
        null,
        1,
        0,
        0,
        0,
        null,
        0,
        0,
        0,
        0,
        null,
        null,
        null,
        1,
        1,
        null,
        null,
        1,
        1,
        null,
        null,
        1,
        1,
        null,
        null,
        1,
        1,
        null,
        null,
        null
      ],
      "/Users/smacagno/agrimbau/rubyProjects/macain-web-rails/app/models/user_contact.rb": [
        1,
        1,
        null
      ],
      "/Users/smacagno/agrimbau/rubyProjects/macain-web-rails/spec/models/buyer_spec.rb": [
        1,
        null,
        1,
        null,
        2,
        2,
        null,
        2,
        null,
        2,
        null
      ],
      "/Users/smacagno/agrimbau/rubyProjects/macain-web-rails/spec/models/marvel_spec.rb": [
        1,
        null,
        1,
        null,
        2,
        2,
        null,
        2,
        2,
        null,
        null
      ],
      "/Users/smacagno/agrimbau/rubyProjects/macain-web-rails/spec/models/order_spec.rb": [
        1,
        null,
        1,
        null,
        2,
        2,
        null,
        2,
        2,
        null,
        2,
        null,
        1,
        1,
        1,
        null,
        null,
        null,
        null,
        null
      ],
      "/Users/smacagno/agrimbau/rubyProjects/macain-web-rails/spec/models/order_status_spec.rb": [
        1,
        null,
        1,
        null,
        2,
        2,
        null,
        2,
        2,
        null,
        null
      ],
      "/Users/smacagno/agrimbau/rubyProjects/macain-web-rails/spec/models/page_image_spec.rb": [
        1,
        null,
        1,
        null,
        2,
        2,
        null,
        2,
        null,
        null
      ],
      "/Users/smacagno/agrimbau/rubyProjects/macain-web-rails/app/models/page_image.rb": [
        1,
        1,
        null,
        1,
        null,
        null,
        null,
        1,
        null,
        null
      ],
      "/Users/smacagno/agrimbau/rubyProjects/macain-web-rails/spec/models/page_spec.rb": [
        1,
        null,
        1,
        null,
        2,
        2,
        null,
        null
      ],
      "/Users/smacagno/agrimbau/rubyProjects/macain-web-rails/spec/models/product_row_spec.rb": [
        1,
        null,
        1,
        null,
        2,
        null,
        2,
        null,
        null
      ],
      "/Users/smacagno/agrimbau/rubyProjects/macain-web-rails/app/models/product_row.rb": [
        1,
        1,
        null,
        null
      ],
      "/Users/smacagno/agrimbau/rubyProjects/macain-web-rails/spec/models/product_spec.rb": [
        1,
        null,
        1,
        null,
        2,
        2,
        null,
        null,
        null,
        2,
        2,
        2,
        null,
        2,
        null,
        null,
        null,
        null
      ],
      "/Users/smacagno/agrimbau/rubyProjects/macain-web-rails/spec/models/role_spec.rb": [
        1,
        null,
        1,
        null,
        2,
        2,
        null,
        2,
        2,
        null,
        null
      ],
      "/Users/smacagno/agrimbau/rubyProjects/macain-web-rails/app/models/role.rb": [
        1,
        1,
        null,
        1,
        null,
        null,
        1,
        null,
        null,
        null,
        1,
        null
      ],
      "/Users/smacagno/agrimbau/rubyProjects/macain-web-rails/spec/models/user_contact_spec.rb": [
        1,
        null,
        1,
        null,
        2,
        null,
        2,
        null,
        null
      ],
      "/Users/smacagno/agrimbau/rubyProjects/macain-web-rails/spec/models/user_spec.rb": [
        1,
        null,
        1,
        null,
        5,
        1,
        1,
        null,
        4,
        4,
        null,
        null,
        null,
        2,
        2,
        null,
        2,
        2,
        null,
        2,
        2,
        2,
        null,
        null,
        1,
        null,
        1,
        1,
        1,
        null,
        null,
        1,
        1,
        1,
        null,
        null,
        1,
        1,
        1,
        null,
        null,
        1,
        1,
        1,
        null,
        null,
        null,
        1,
        1,
        null,
        null,
        1,
        1,
        null,
        null,
        1,
        1,
        null,
        null,
        1,
        1,
        null,
        null,
        null,
        null,
        null,
        1,
        null,
        1,
        0,
        0,
        null,
        null,
        null,
        null,
        null,
        null
      ],
      "/Users/smacagno/agrimbau/rubyProjects/macain-web-rails/app/models/product_image.rb": [
        1,
        1,
        null,
        1,
        null,
        null,
        null,
        1,
        null,
        null
      ],
      "/Users/smacagno/agrimbau/rubyProjects/macain-web-rails/app/models/favourites_list.rb": [
        1,
        null,
        1,
        null,
        1,
        null,
        null,
        1,
        0,
        null,
        0,
        0,
        null,
        null,
        null,
        null
      ],
      "/Users/smacagno/agrimbau/rubyProjects/macain-web-rails/app/models/checkout_list.rb": [
        1,
        null,
        1,
        null,
        1,
        null,
        null,
        1,
        0,
        null,
        0,
        0,
        null,
        null,
        null,
        null
      ],
      "/Users/smacagno/agrimbau/rubyProjects/macain-web-rails/app/models/purchased_list.rb": [
        1,
        null,
        null,
        null
      ]
    },
    "timestamp": 1493311897
  }
}
